<?xml version="1.0" encoding="UTF-8"?>
<testng-results ignored="0" total="1" passed="1" failed="0" skipped="0">
  <reporter-output>
  </reporter-output>
  <suite started-at="2020-02-19T08:49:22 IST" name="Suite" finished-at="2020-02-19T08:49:38 IST" duration-ms="15875">
    <groups>
    </groups>
    <test started-at="2020-02-19T08:49:22 IST" name="Default test" finished-at="2020-02-19T08:49:38 IST" duration-ms="15875">
      <class name="Testng.NewTest">
        <test-method is-config="true" signature="beforeTest()[pri:0, instance:Testng.NewTest@1d76aeea]" started-at="2020-02-19T08:49:22 IST" name="beforeTest" finished-at="2020-02-19T08:49:31 IST" duration-ms="8320" status="PASS">
          <reporter-output>
          </reporter-output>
        </test-method> <!-- beforeTest -->
        <test-method signature="f()[pri:0, instance:Testng.NewTest@1d76aeea]" started-at="2020-02-19T08:49:31 IST" name="f" finished-at="2020-02-19T08:49:38 IST" duration-ms="7533" status="PASS">
          <reporter-output>
          </reporter-output>
        </test-method> <!-- f -->
        <test-method is-config="true" signature="afterTest()[pri:0, instance:Testng.NewTest@1d76aeea]" started-at="2020-02-19T08:49:38 IST" name="afterTest" finished-at="2020-02-19T08:49:38 IST" duration-ms="1" status="PASS">
          <reporter-output>
          </reporter-output>
        </test-method> <!-- afterTest -->
      </class> <!-- Testng.NewTest -->
    </test> <!-- Default test -->
  </suite> <!-- Suite -->
</testng-results>
