<?xml version="1.0" encoding="UTF-8"?>
<testng-results ignored="0" total="2" passed="2" failed="0" skipped="0">
  <reporter-output>
  </reporter-output>
  <suite started-at="2020-02-21T10:11:52 IST" name="Suite" finished-at="2020-02-21T10:12:37 IST" duration-ms="44433">
    <groups>
    </groups>
    <test started-at="2020-02-21T10:11:52 IST" name="Default test" finished-at="2020-02-21T10:12:37 IST" duration-ms="44433">
      <class name="Testng.NewTest">
        <test-method is-config="true" signature="beforeTest()[pri:0, instance:Testng.NewTest@4b44655e]" started-at="2020-02-21T10:11:52 IST" name="beforeTest" finished-at="2020-02-21T10:12:29 IST" duration-ms="36806" status="PASS">
          <reporter-output>
          </reporter-output>
        </test-method> <!-- beforeTest -->
        <test-method signature="my()[pri:1, instance:Testng.NewTest@4b44655e]" started-at="2020-02-21T10:12:29 IST" name="my" finished-at="2020-02-21T10:12:29 IST" duration-ms="4" status="PASS">
          <reporter-output>
          </reporter-output>
        </test-method> <!-- my -->
        <test-method signature="f()[pri:2, instance:Testng.NewTest@4b44655e]" started-at="2020-02-21T10:12:29 IST" name="f" finished-at="2020-02-21T10:12:37 IST" depends-on-methods="Testng.NewTest.my" duration-ms="7506" status="PASS">
          <reporter-output>
          </reporter-output>
        </test-method> <!-- f -->
        <test-method is-config="true" signature="afterTest()[pri:0, instance:Testng.NewTest@4b44655e]" started-at="2020-02-21T10:12:37 IST" name="afterTest" finished-at="2020-02-21T10:12:37 IST" duration-ms="75" status="PASS">
          <reporter-output>
          </reporter-output>
        </test-method> <!-- afterTest -->
      </class> <!-- Testng.NewTest -->
    </test> <!-- Default test -->
  </suite> <!-- Suite -->
</testng-results>
